<?xml version="1.0" encoding="UTF-8"?>
<testng-results skipped="0" failed="0" ignored="0" total="1" passed="1">
  <reporter-output>
    <line>
      <![CDATA[Successfully Launched Chrome Browser]]>
    </line>
    <line>
      <![CDATA[Browser window is maximized successfully]]>
    </line>
  </reporter-output>
  <suite name="Default suite" duration-ms="42034" started-at="2023-01-19T15:56:18 IST" finished-at="2023-01-19T15:57:00 IST">
    <groups>
    </groups>
    <test name="Default test" duration-ms="42034" started-at="2023-01-19T15:56:18 IST" finished-at="2023-01-19T15:57:00 IST">
      <class name="Scatology.TC_005Test">
        <test-method status="PASS" signature="openTheBrowser(java.lang.String)[pri:0, instance:Scatology.TC_005Test@33c7e1bb]" name="openTheBrowser" is-config="true" duration-ms="3249" started-at="2023-01-19T15:56:18 IST" finished-at="2023-01-19T15:56:22 IST">
          <params>
            <param index="0">
              <value>
                <![CDATA[chrome]]>
              </value>
            </param>
          </params>
          <reporter-output>
            <line>
              <![CDATA[Successfully Launched Chrome Browser]]>
            </line>
            <line>
              <![CDATA[Browser window is maximized successfully]]>
            </line>
          </reporter-output>
        </test-method> <!-- openTheBrowser -->
        <test-method status="PASS" signature="loginToApplication()[pri:0, instance:Scatology.TC_005Test@33c7e1bb]" name="loginToApplication" is-config="true" duration-ms="22080" started-at="2023-01-19T15:56:22 IST" finished-at="2023-01-19T15:56:44 IST">
          <reporter-output>
          </reporter-output>
        </test-method> <!-- loginToApplication -->
        <test-method status="PASS" signature="DeleteUser()[pri:0, instance:Scatology.TC_005Test@33c7e1bb]" name="DeleteUser" duration-ms="10444" started-at="2023-01-19T15:56:44 IST" finished-at="2023-01-19T15:56:54 IST">
          <reporter-output>
          </reporter-output>
        </test-method> <!-- DeleteUser -->
        <test-method status="PASS" signature="logoutOfApplication()[pri:0, instance:Scatology.TC_005Test@33c7e1bb]" name="logoutOfApplication" is-config="true" duration-ms="5355" started-at="2023-01-19T15:56:54 IST" finished-at="2023-01-19T15:56:59 IST">
          <reporter-output>
          </reporter-output>
        </test-method> <!-- logoutOfApplication -->
        <test-method status="PASS" signature="closeTheBrowser()[pri:0, instance:Scatology.TC_005Test@33c7e1bb]" name="closeTheBrowser" is-config="true" duration-ms="877" started-at="2023-01-19T15:56:59 IST" finished-at="2023-01-19T15:57:00 IST">
          <reporter-output>
          </reporter-output>
        </test-method> <!-- closeTheBrowser -->
      </class> <!-- Scatology.TC_005Test -->
    </test> <!-- Default test -->
  </suite> <!-- Default suite -->
</testng-results>
